f:\!учебка\oop lab\lab3\debug\vc142.pdb
f:\!учебка\oop lab\lab3\debug\vc142.idb
f:\!учебка\oop lab\lab3\debug\vector.obj
f:\!учебка\oop lab\lab3\debug\matrix.obj
f:\!учебка\oop lab\lab3\debug\lab3.obj
f:\!учебка\oop lab\lab3\debug\inheritance.obj
d:\!учебка\oop lab\lab3\debug\vc142.pdb
d:\!учебка\oop lab\lab3\debug\vc142.idb
d:\!учебка\oop lab\lab3\debug\vector.obj
d:\!учебка\oop lab\lab3\debug\matrix.obj
d:\!учебка\oop lab\lab3\debug\lab3.obj
d:\!учебка\oop lab\lab3\debug\inheritance.obj
f:\!учебка\oop lab\debug\lab3.ilk
f:\!учебка\oop lab\debug\lab3.exe
f:\!учебка\oop lab\debug\lab3.pdb
d:\!учебка\oop lab\debug\lab3.ilk
d:\!учебка\oop lab\debug\lab3.exe
d:\!учебка\oop lab\debug\lab3.pdb
d:\!учебка\oop lab\lab3\debug\lab3.tlog\cl.read.1.tlog
d:\!учебка\oop lab\lab3\debug\lab3.tlog\cl.write.1.tlog
d:\!учебка\oop lab\lab3\debug\lab3.tlog\cl.command.1.tlog
d:\!учебка\oop lab\lab3\debug\lab3.tlog\link.read.1.tlog
d:\!учебка\oop lab\lab3\debug\lab3.tlog\link.write.1.tlog
d:\!учебка\oop lab\lab3\debug\lab3.tlog\link.command.1.tlog
