f:\!учебка\oop lab\lab2\debug\vc142.pdb
f:\!учебка\oop lab\lab2\debug\vc142.idb
f:\!учебка\oop lab\lab2\debug\matrix.obj
f:\!учебка\oop lab\lab2\debug\lab2.obj
d:\!учебка\oop lab\lab2\debug\vc142.pdb
d:\!учебка\oop lab\lab2\debug\vc142.idb
d:\!учебка\oop lab\lab2\debug\matrix.obj
d:\!учебка\oop lab\lab2\debug\lab2.obj
f:\!учебка\oop lab\debug\lab2.ilk
f:\!учебка\oop lab\debug\lab2.exe
f:\!учебка\oop lab\debug\lab2.pdb
d:\!учебка\oop lab\debug\lab2.ilk
d:\!учебка\oop lab\debug\lab2.exe
d:\!учебка\oop lab\debug\lab2.pdb
d:\!учебка\oop lab\lab2\debug\lab2.tlog\cl.read.1.tlog
d:\!учебка\oop lab\lab2\debug\lab2.tlog\cl.write.1.tlog
d:\!учебка\oop lab\lab2\debug\lab2.tlog\cl.command.1.tlog
d:\!учебка\oop lab\lab2\debug\lab2.tlog\link.read.1.tlog
d:\!учебка\oop lab\lab2\debug\lab2.tlog\link.write.1.tlog
d:\!учебка\oop lab\lab2\debug\lab2.tlog\link.command.1.tlog
