f:\!учебка\oop lab\lab1\debug\vc142.pdb
f:\!учебка\oop lab\lab1\debug\vc142.idb
f:\!учебка\oop lab\lab1\debug\vector.obj
f:\!учебка\oop lab\lab1\debug\lab1.obj
d:\!учебка\oop lab\lab1\debug\vc142.pdb
d:\!учебка\oop lab\lab1\debug\vc142.idb
d:\!учебка\oop lab\lab1\debug\vector.obj
d:\!учебка\oop lab\lab1\debug\lab1.obj
f:\!учебка\oop lab\debug\lab1.ilk
f:\!учебка\oop lab\debug\lab1.exe
f:\!учебка\oop lab\debug\lab1.pdb
d:\!учебка\oop lab\debug\lab1.ilk
d:\!учебка\oop lab\debug\lab1.exe
d:\!учебка\oop lab\debug\lab1.pdb
d:\!учебка\oop lab\lab1\debug\lab1.tlog\cl.read.1.tlog
d:\!учебка\oop lab\lab1\debug\lab1.tlog\cl.write.1.tlog
d:\!учебка\oop lab\lab1\debug\lab1.tlog\cl.command.1.tlog
d:\!учебка\oop lab\lab1\debug\lab1.tlog\link.read.1.tlog
d:\!учебка\oop lab\lab1\debug\lab1.tlog\link.write.1.tlog
d:\!учебка\oop lab\lab1\debug\lab1.tlog\link.command.1.tlog
